2005.03.27 10:10 B C:\Digital Architect\websites\ergo guitars\site\ergo_css_style.css --> islandhosting.com /www/ergo/beta ergo_css_style.css
2005.03.27 10:10 B C:\Digital Architect\websites\ergo guitars\site\ergo_fr_contact.htm --> islandhosting.com /www/ergo/beta ergo_fr_contact.htm
2005.03.27 10:10 B C:\Digital Architect\websites\ergo guitars\site\ergo_fr_features.htm --> islandhosting.com /www/ergo/beta ergo_fr_features.htm
2005.03.27 10:10 B C:\Digital Architect\websites\ergo guitars\site\ergo_fr_intro.htm --> islandhosting.com /www/ergo/beta ergo_fr_intro.htm
2005.03.27 10:10 B C:\Digital Architect\websites\ergo guitars\site\ergo_fr_lower.htm --> islandhosting.com /www/ergo/beta ergo_fr_lower.htm
2005.03.27 10:10 B C:\Digital Architect\websites\ergo guitars\site\ergo_fr_lowerborder.htm --> islandhosting.com /www/ergo/beta ergo_fr_lowerborder.htm
2005.03.27 10:10 B C:\Digital Architect\websites\ergo guitars\site\ergo_fr_menu.htm --> islandhosting.com /www/ergo/beta ergo_fr_menu.htm
2005.03.27 10:10 B C:\Digital Architect\websites\ergo guitars\site\ergo_fr_models.htm --> islandhosting.com /www/ergo/beta ergo_fr_models.htm
2005.03.27 10:10 B C:\Digital Architect\websites\ergo guitars\site\ergo_fr_options.htm --> islandhosting.com /www/ergo/beta ergo_fr_options.htm
2005.03.27 10:10 B C:\Digital Architect\websites\ergo guitars\site\ergo_fr_ordering.htm --> islandhosting.com /www/ergo/beta ergo_fr_ordering.htm
2005.03.27 10:10 B C:\Digital Architect\websites\ergo guitars\site\ergo_fr_upper.htm --> islandhosting.com /www/ergo/beta ergo_fr_upper.htm
2005.03.27 10:10 B C:\Digital Architect\websites\ergo guitars\site\ergo_fr_upperborder.htm --> islandhosting.com /www/ergo/beta ergo_fr_upperborder.htm
2005.03.27 10:10 B C:\Digital Architect\websites\ergo guitars\site\ergo_image_bck.gif --> islandhosting.com /www/ergo/beta ergo_image_bck.gif
2005.03.27 10:10 B C:\Digital Architect\websites\ergo guitars\site\ergo_image_blank.gif --> islandhosting.com /www/ergo/beta ergo_image_blank.gif
2005.03.27 10:10 B C:\Digital Architect\websites\ergo guitars\site\ergo_image_entry.jpg --> islandhosting.com /www/ergo/beta ergo_image_entry.jpg
2005.03.27 10:10 B C:\Digital Architect\websites\ergo guitars\site\ergo_image_lowerborder.gif --> islandhosting.com /www/ergo/beta ergo_image_lowerborder.gif
2005.03.27 10:10 B C:\Digital Architect\websites\ergo guitars\site\ergo_image_menu.gif --> islandhosting.com /www/ergo/beta ergo_image_menu.gif
2005.03.27 10:10 B C:\Digital Architect\websites\ergo guitars\site\ergo_image_sample.jpg --> islandhosting.com /www/ergo/beta ergo_image_sample.jpg
2005.03.27 10:10 B C:\Digital Architect\websites\ergo guitars\site\ergo_image_txtbck.gif --> islandhosting.com /www/ergo/beta ergo_image_txtbck.gif
2005.03.27 10:10 B C:\Digital Architect\websites\ergo guitars\site\ergo_image_upperborder.gif --> islandhosting.com /www/ergo/beta ergo_image_upperborder.gif
2005.03.27 10:10 B C:\Digital Architect\websites\ergo guitars\site\ergo_js_flash_detect.js --> islandhosting.com /www/ergo/beta ergo_js_flash_detect.js
2005.03.27 10:10 B C:\Digital Architect\websites\ergo guitars\site\ergo_js_message.js --> islandhosting.com /www/ergo/beta ergo_js_message.js
2005.03.27 10:10 B C:\Digital Architect\websites\ergo guitars\site\ergo_presents_1.swf --> islandhosting.com /www/ergo/beta ergo_presents_1.swf
2005.03.27 10:10 B C:\Digital Architect\websites\ergo guitars\site\ergo_track_1.swf --> islandhosting.com /www/ergo/beta ergo_track_1.swf
2005.03.27 10:10 B C:\Digital Architect\websites\ergo guitars\site\index.htm --> islandhosting.com /www/ergo/beta index.htm
